PRT1
143
381
4 0 38 (0 0 0 ) (0 0 512 ) (0 1024 512 ) (0 1024 0 ) 
4 1 39 (0 -2304 512 ) (0 -1280 512 ) (0 -1280 128 ) (0 -2304 128 ) 
4 1 36 (120 -2304 128 ) (0 -2304 128 ) (0 -1280 128 ) (120 -1280 128 ) 
4 1 31 (120 -2112 128 ) (120 -2048 128 ) (128 -2048 128 ) (128 -2112 128 ) 
4 1 32 (128 -2304 128 ) (120 -2304 128 ) (120 -2240 128 ) (128 -2240 128 ) 
4 1 29 (120 -1728 128 ) (120 -1664 128 ) (128 -1664 128 ) (128 -1728 128 ) 
4 1 30 (120 -1920 128 ) (120 -1856 128 ) (128 -1856 128 ) (128 -1920 128 ) 
4 1 27 (120 -1344 128 ) (120 -1280 128 ) (128 -1280 128 ) (128 -1344 128 ) 
4 1 28 (120 -1536 128 ) (120 -1472 128 ) (128 -1472 128 ) (128 -1536 128 ) 
4 1 25 (248 -2304 128 ) (128 -2304 128 ) (128 -1280 128 ) (248 -1280 128 ) 
4 1 21 (256 -2304 128 ) (248 -2304 128 ) (248 -2240 128 ) (256 -2240 128 ) 
4 1 20 (248 -2112 128 ) (248 -2048 128 ) (256 -2048 128 ) (256 -2112 128 ) 
4 1 18 (248 -1728 128 ) (248 -1664 128 ) (256 -1664 128 ) (256 -1728 128 ) 
4 1 19 (248 -1920 128 ) (248 -1856 128 ) (256 -1856 128 ) (256 -1920 128 ) 
4 1 17 (248 -1536 128 ) (248 -1472 128 ) (256 -1472 128 ) (256 -1536 128 ) 
4 1 16 (248 -1344 128 ) (248 -1280 128 ) (256 -1280 128 ) (256 -1344 128 ) 
4 1 14 (376 -2304 128 ) (256 -2304 128 ) (256 -1280 128 ) (376 -1280 128 ) 
4 1 10 (384 -2304 128 ) (376 -2304 128 ) (376 -2240 128 ) (384 -2240 128 ) 
4 1 9 (376 -2112 128 ) (376 -2048 128 ) (384 -2048 128 ) (384 -2112 128 ) 
4 1 7 (376 -1728 128 ) (376 -1664 128 ) (384 -1664 128 ) (384 -1728 128 ) 
4 1 8 (376 -1920 128 ) (376 -1856 128 ) (384 -1856 128 ) (384 -1920 128 ) 
4 1 6 (376 -1536 128 ) (376 -1472 128 ) (384 -1472 128 ) (384 -1536 128 ) 
4 1 5 (376 -1344 128 ) (376 -1280 128 ) (384 -1280 128 ) (384 -1344 128 ) 
4 1 3 (416 -1280 128 ) (416 -2304 128 ) (384 -2304 128 ) (384 -1280 128 ) 
4 2 98 (416 -4096 512 ) (0 -4096 512 ) (0 -4096 128 ) (416 -4096 128 ) 
4 2 40 (0 -4096 128 ) (0 -4096 512 ) (0 -3584 512 ) (0 -3584 128 ) 
4 2 37 (120 -4096 128 ) (0 -4096 128 ) (0 -3584 128 ) (120 -3584 128 ) 
4 2 35 (120 -4032 128 ) (120 -3968 128 ) (128 -3968 128 ) (128 -4032 128 ) 
4 2 34 (120 -3840 128 ) (120 -3776 128 ) (128 -3776 128 ) (128 -3840 128 ) 
4 2 33 (120 -3648 128 ) (120 -3584 128 ) (128 -3584 128 ) (128 -3648 128 ) 
4 2 26 (248 -4096 128 ) (128 -4096 128 ) (128 -3584 128 ) (248 -3584 128 ) 
4 2 23 (248 -3840 128 ) (248 -3776 128 ) (256 -3776 128 ) (256 -3840 128 ) 
4 2 24 (248 -4032 128 ) (248 -3968 128 ) (256 -3968 128 ) (256 -4032 128 ) 
4 2 22 (248 -3648 128 ) (248 -3584 128 ) (256 -3584 128 ) (256 -3648 128 ) 
4 2 15 (376 -4096 128 ) (256 -4096 128 ) (256 -3584 128 ) (376 -3584 128 ) 
4 2 13 (376 -4032 128 ) (376 -3968 128 ) (384 -3968 128 ) (384 -4032 128 ) 
4 2 12 (376 -3840 128 ) (376 -3776 128 ) (384 -3776 128 ) (384 -3840 128 ) 
4 2 11 (376 -3648 128 ) (376 -3584 128 ) (384 -3584 128 ) (384 -3648 128 ) 
4 2 4 (416 -3584 128 ) (416 -4096 128 ) (384 -4096 128 ) (384 -3584 128 ) 
4 3 10 (384 -2240 0 ) (384 -2304 0 ) (384 -2304 128 ) (384 -2240 128 ) 
4 3 9 (384 -2048 0 ) (384 -2112 0 ) (384 -2112 128 ) (384 -2048 128 ) 
4 3 7 (384 -1664 0 ) (384 -1728 0 ) (384 -1728 128 ) (384 -1664 128 ) 
4 3 8 (384 -1856 0 ) (384 -1920 0 ) (384 -1920 128 ) (384 -1856 128 ) 
4 3 6 (384 -1472 0 ) (384 -1536 0 ) (384 -1536 128 ) (384 -1472 128 ) 
4 3 5 (384 -1280 0 ) (384 -1344 0 ) (384 -1344 128 ) (384 -1280 128 ) 
4 4 100 (416 -4096 128 ) (384 -4096 128 ) (384 -4096 0 ) (416 -4096 0 ) 
4 4 13 (384 -3968 0 ) (384 -4032 0 ) (384 -4032 128 ) (384 -3968 128 ) 
4 4 12 (384 -3776 0 ) (384 -3840 0 ) (384 -3840 128 ) (384 -3776 128 ) 
4 4 11 (384 -3584 0 ) (384 -3648 0 ) (384 -3648 128 ) (384 -3584 128 ) 
4 5 14 (376 -1280 0 ) (376 -1344 0 ) (376 -1344 128 ) (376 -1280 128 ) 
4 6 14 (376 -1472 0 ) (376 -1536 0 ) (376 -1536 128 ) (376 -1472 128 ) 
4 7 14 (376 -1664 0 ) (376 -1728 0 ) (376 -1728 128 ) (376 -1664 128 ) 
4 8 14 (376 -1856 0 ) (376 -1920 0 ) (376 -1920 128 ) (376 -1856 128 ) 
4 9 14 (376 -2048 0 ) (376 -2112 0 ) (376 -2112 128 ) (376 -2048 128 ) 
4 10 14 (376 -2240 0 ) (376 -2304 0 ) (376 -2304 128 ) (376 -2240 128 ) 
4 11 15 (376 -3584 0 ) (376 -3648 0 ) (376 -3648 128 ) (376 -3584 128 ) 
4 12 15 (376 -3776 0 ) (376 -3840 0 ) (376 -3840 128 ) (376 -3776 128 ) 
4 13 15 (376 -3968 0 ) (376 -4032 0 ) (376 -4032 128 ) (376 -3968 128 ) 
4 14 21 (256 -2240 0 ) (256 -2304 0 ) (256 -2304 128 ) (256 -2240 128 ) 
4 14 20 (256 -2048 0 ) (256 -2112 0 ) (256 -2112 128 ) (256 -2048 128 ) 
4 14 18 (256 -1664 0 ) (256 -1728 0 ) (256 -1728 128 ) (256 -1664 128 ) 
4 14 19 (256 -1856 0 ) (256 -1920 0 ) (256 -1920 128 ) (256 -1856 128 ) 
4 14 17 (256 -1472 0 ) (256 -1536 0 ) (256 -1536 128 ) (256 -1472 128 ) 
4 14 16 (256 -1280 0 ) (256 -1344 0 ) (256 -1344 128 ) (256 -1280 128 ) 
4 15 101 (376 -4096 128 ) (256 -4096 128 ) (256 -4096 0 ) (376 -4096 0 ) 
4 15 23 (256 -3776 0 ) (256 -3840 0 ) (256 -3840 128 ) (256 -3776 128 ) 
4 15 24 (256 -3968 0 ) (256 -4032 0 ) (256 -4032 128 ) (256 -3968 128 ) 
4 15 22 (256 -3584 0 ) (256 -3648 0 ) (256 -3648 128 ) (256 -3584 128 ) 
4 16 25 (248 -1280 0 ) (248 -1344 0 ) (248 -1344 128 ) (248 -1280 128 ) 
4 17 25 (248 -1472 0 ) (248 -1536 0 ) (248 -1536 128 ) (248 -1472 128 ) 
4 18 25 (248 -1664 0 ) (248 -1728 0 ) (248 -1728 128 ) (248 -1664 128 ) 
4 19 25 (248 -1856 0 ) (248 -1920 0 ) (248 -1920 128 ) (248 -1856 128 ) 
4 20 25 (248 -2048 0 ) (248 -2112 0 ) (248 -2112 128 ) (248 -2048 128 ) 
4 21 25 (248 -2240 0 ) (248 -2304 0 ) (248 -2304 128 ) (248 -2240 128 ) 
4 22 26 (248 -3584 0 ) (248 -3648 0 ) (248 -3648 128 ) (248 -3584 128 ) 
4 23 26 (248 -3776 0 ) (248 -3840 0 ) (248 -3840 128 ) (248 -3776 128 ) 
4 24 26 (248 -3968 0 ) (248 -4032 0 ) (248 -4032 128 ) (248 -3968 128 ) 
4 25 31 (128 -2048 0 ) (128 -2112 0 ) (128 -2112 128 ) (128 -2048 128 ) 
4 25 32 (128 -2240 0 ) (128 -2304 0 ) (128 -2304 128 ) (128 -2240 128 ) 
4 25 29 (128 -1664 0 ) (128 -1728 0 ) (128 -1728 128 ) (128 -1664 128 ) 
4 25 30 (128 -1856 0 ) (128 -1920 0 ) (128 -1920 128 ) (128 -1856 128 ) 
4 25 27 (128 -1280 0 ) (128 -1344 0 ) (128 -1344 128 ) (128 -1280 128 ) 
4 25 28 (128 -1472 0 ) (128 -1536 0 ) (128 -1536 128 ) (128 -1472 128 ) 
4 26 102 (248 -4096 128 ) (128 -4096 128 ) (128 -4096 0 ) (248 -4096 0 ) 
4 26 35 (128 -3968 0 ) (128 -4032 0 ) (128 -4032 128 ) (128 -3968 128 ) 
4 26 34 (128 -3776 0 ) (128 -3840 0 ) (128 -3840 128 ) (128 -3776 128 ) 
4 26 33 (128 -3584 0 ) (128 -3648 0 ) (128 -3648 128 ) (128 -3584 128 ) 
4 27 36 (120 -1280 0 ) (120 -1344 0 ) (120 -1344 128 ) (120 -1280 128 ) 
4 28 36 (120 -1472 0 ) (120 -1536 0 ) (120 -1536 128 ) (120 -1472 128 ) 
4 29 36 (120 -1664 0 ) (120 -1728 0 ) (120 -1728 128 ) (120 -1664 128 ) 
4 30 36 (120 -1856 0 ) (120 -1920 0 ) (120 -1920 128 ) (120 -1856 128 ) 
4 31 36 (120 -2048 0 ) (120 -2112 0 ) (120 -2112 128 ) (120 -2048 128 ) 
4 32 36 (120 -2240 0 ) (120 -2304 0 ) (120 -2304 128 ) (120 -2240 128 ) 
4 33 37 (120 -3584 0 ) (120 -3648 0 ) (120 -3648 128 ) (120 -3584 128 ) 
4 34 37 (120 -3776 0 ) (120 -3840 0 ) (120 -3840 128 ) (120 -3776 128 ) 
4 35 37 (120 -3968 0 ) (120 -4032 0 ) (120 -4032 128 ) (120 -3968 128 ) 
4 36 76 (0 -2304 128 ) (0 -2240 128 ) (0 -2240 0 ) (0 -2304 0 ) 
4 36 70 (0 -2112 128 ) (0 -2048 128 ) (0 -2048 0 ) (0 -2112 0 ) 
4 36 64 (0 -1920 128 ) (0 -1856 128 ) (0 -1856 0 ) (0 -1920 0 ) 
4 36 57 (0 -1728 128 ) (0 -1664 128 ) (0 -1664 0 ) (0 -1728 0 ) 
4 36 50 (0 -1536 128 ) (0 -1472 128 ) (0 -1472 0 ) (0 -1536 0 ) 
4 36 41 (0 -1344 128 ) (0 -1280 128 ) (0 -1280 0 ) (0 -1344 0 ) 
4 37 103 (120 -4096 128 ) (0 -4096 128 ) (0 -4096 0 ) (120 -4096 0 ) 
4 37 91 (0 -4096 0 ) (0 -4096 128 ) (0 -4032 128 ) (0 -4032 0 ) 
4 37 90 (0 -4032 128 ) (0 -3968 128 ) (0 -3968 0 ) (0 -4032 0 ) 
4 37 84 (0 -3968 128 ) (0 -3840 128 ) (0 -3840 0 ) (0 -3968 0 ) 
4 37 83 (0 -3840 128 ) (0 -3776 128 ) (0 -3776 0 ) (0 -3840 0 ) 
4 37 77 (0 -3648 128 ) (0 -3584 128 ) (0 -3584 0 ) (0 -3648 0 ) 
4 39 76 (0 -2240 128 ) (0 -2304 128 ) (-608 -2304 128 ) (-608 -2240 128 ) 
4 39 74 (-392 -2240 128 ) (-512 -2240 128 ) (-512 -2112 128 ) (-392 -2112 128 ) 
4 39 75 (-520 -2240 128 ) (-608 -2240 128 ) (-608 -2112 128 ) (-520 -2112 128 ) 
4 39 73 (-264 -2240 128 ) (-384 -2240 128 ) (-384 -2112 128 ) (-264 -2112 128 ) 
4 39 71 (-8 -2240 128 ) (-128 -2240 128 ) (-128 -2112 128 ) (-8 -2112 128 ) 
4 39 72 (-136 -2240 128 ) (-256 -2240 128 ) (-256 -2112 128 ) (-136 -2112 128 ) 
4 39 70 (0 -2048 128 ) (0 -2112 128 ) (-608 -2112 128 ) (-608 -2048 128 ) 
4 39 68 (-392 -2048 128 ) (-512 -2048 128 ) (-512 -1920 128 ) (-392 -1920 128 ) 
4 39 69 (-520 -2048 128 ) (-608 -2048 128 ) (-608 -1920 128 ) (-520 -1920 128 ) 
4 39 67 (-264 -2048 128 ) (-384 -2048 128 ) (-384 -1920 128 ) (-264 -1920 128 ) 
4 39 65 (-8 -2048 128 ) (-128 -2048 128 ) (-128 -1920 128 ) (-8 -1920 128 ) 
4 39 66 (-136 -2048 128 ) (-256 -2048 128 ) (-256 -1920 128 ) (-136 -1920 128 ) 
4 39 64 (0 -1856 128 ) (0 -1920 128 ) (-608 -1920 128 ) (-608 -1856 128 ) 
4 39 62 (-512 -1856 128 ) (-520 -1856 128 ) (-520 -1728 128 ) (-512 -1728 128 ) 
4 39 61 (-392 -1856 128 ) (-512 -1856 128 ) (-512 -1728 128 ) (-392 -1728 128 ) 
4 39 63 (-520 -1856 128 ) (-608 -1856 128 ) (-608 -1728 128 ) (-520 -1728 128 ) 
4 39 60 (-264 -1856 128 ) (-384 -1856 128 ) (-384 -1728 128 ) (-264 -1728 128 ) 
4 39 58 (-8 -1856 128 ) (-128 -1856 128 ) (-128 -1728 128 ) (-8 -1728 128 ) 
4 39 59 (-136 -1856 128 ) (-256 -1856 128 ) (-256 -1728 128 ) (-136 -1728 128 ) 
4 39 57 (0 -1664 128 ) (0 -1728 128 ) (-608 -1728 128 ) (-608 -1664 128 ) 
4 39 55 (-512 -1664 128 ) (-520 -1664 128 ) (-520 -1536 128 ) (-512 -1536 128 ) 
4 39 54 (-392 -1664 128 ) (-512 -1664 128 ) (-512 -1536 128 ) (-392 -1536 128 ) 
4 39 56 (-520 -1664 128 ) (-608 -1664 128 ) (-608 -1536 128 ) (-520 -1536 128 ) 
4 39 53 (-264 -1664 128 ) (-384 -1664 128 ) (-384 -1536 128 ) (-264 -1536 128 ) 
4 39 51 (-8 -1664 128 ) (-128 -1664 128 ) (-128 -1536 128 ) (-8 -1536 128 ) 
4 39 52 (-136 -1664 128 ) (-256 -1664 128 ) (-256 -1536 128 ) (-136 -1536 128 ) 
4 39 50 (0 -1472 128 ) (0 -1536 128 ) (-608 -1536 128 ) (-608 -1472 128 ) 
4 39 49 (-520 -1472 128 ) (-608 -1472 128 ) (-608 -1344 128 ) (-520 -1344 128 ) 
4 39 48 (-512 -1472 128 ) (-520 -1472 128 ) (-520 -1344 128 ) (-512 -1344 128 ) 
4 39 46 (-384 -1472 128 ) (-392 -1472 128 ) (-392 -1344 128 ) (-384 -1344 128 ) 
4 39 45 (-264 -1472 128 ) (-384 -1472 128 ) (-384 -1344 128 ) (-264 -1344 128 ) 
4 39 47 (-392 -1472 128 ) (-512 -1472 128 ) (-512 -1344 128 ) (-392 -1344 128 ) 
4 39 44 (-256 -1472 128 ) (-264 -1472 128 ) (-264 -1344 128 ) (-256 -1344 128 ) 
4 39 43 (-136 -1472 128 ) (-256 -1472 128 ) (-256 -1344 128 ) (-136 -1344 128 ) 
4 39 42 (-8 -1472 128 ) (-128 -1472 128 ) (-128 -1344 128 ) (-8 -1344 128 ) 
4 39 41 (0 -1280 128 ) (0 -1344 128 ) (-608 -1344 128 ) (-608 -1280 128 ) 
4 40 117 (0 -4096 128 ) (0 -4096 512 ) (-608 -4096 512 ) (-608 -4096 128 ) 
4 40 96 (-512 -4096 128 ) (-520 -4096 128 ) (-520 -4032 128 ) (-512 -4032 128 ) 
4 40 95 (-392 -4096 128 ) (-512 -4096 128 ) (-512 -4032 128 ) (-392 -4032 128 ) 
4 40 97 (-520 -4096 128 ) (-608 -4096 128 ) (-608 -4032 128 ) (-520 -4032 128 ) 
4 40 94 (-264 -4096 128 ) (-384 -4096 128 ) (-384 -4032 128 ) (-264 -4032 128 ) 
4 40 92 (-8 -4096 128 ) (-128 -4096 128 ) (-128 -4032 128 ) (-8 -4032 128 ) 
4 40 93 (-136 -4096 128 ) (-256 -4096 128 ) (-256 -4032 128 ) (-136 -4032 128 ) 
4 40 91 (0 -4032 128 ) (0 -4096 128 ) (-8 -4096 128 ) (-8 -4032 128 ) 
4 40 90 (0 -3968 128 ) (0 -4032 128 ) (-608 -4032 128 ) (-608 -3968 128 ) 
4 40 88 (-392 -3968 128 ) (-512 -3968 128 ) (-512 -3840 128 ) (-392 -3840 128 ) 
4 40 89 (-520 -3968 128 ) (-608 -3968 128 ) (-608 -3840 128 ) (-520 -3840 128 ) 
4 40 87 (-264 -3968 128 ) (-384 -3968 128 ) (-384 -3840 128 ) (-264 -3840 128 ) 
4 40 85 (-8 -3968 128 ) (-128 -3968 128 ) (-128 -3840 128 ) (-8 -3840 128 ) 
4 40 86 (-136 -3968 128 ) (-256 -3968 128 ) (-256 -3840 128 ) (-136 -3840 128 ) 
4 40 84 (0 -3840 128 ) (0 -3968 128 ) (-8 -3968 128 ) (-8 -3840 128 ) 
4 40 83 (0 -3776 128 ) (0 -3840 128 ) (-608 -3840 128 ) (-608 -3776 128 ) 
4 40 82 (-520 -3776 128 ) (-608 -3776 128 ) (-608 -3648 128 ) (-520 -3648 128 ) 
4 40 81 (-392 -3776 128 ) (-512 -3776 128 ) (-512 -3648 128 ) (-392 -3648 128 ) 
4 40 80 (-264 -3776 128 ) (-384 -3776 128 ) (-384 -3648 128 ) (-264 -3648 128 ) 
4 40 78 (-8 -3776 128 ) (-128 -3776 128 ) (-128 -3648 128 ) (-8 -3648 128 ) 
4 40 79 (-136 -3776 128 ) (-256 -3776 128 ) (-256 -3648 128 ) (-136 -3648 128 ) 
4 40 77 (0 -3584 128 ) (0 -3648 128 ) (-608 -3648 128 ) (-608 -3584 128 ) 
4 41 49 (-608 -1344 0 ) (-520 -1344 0 ) (-520 -1344 128 ) (-608 -1344 128 ) 
4 41 48 (-520 -1344 0 ) (-512 -1344 0 ) (-512 -1344 128 ) (-520 -1344 128 ) 
4 41 46 (-392 -1344 0 ) (-384 -1344 0 ) (-384 -1344 128 ) (-392 -1344 128 ) 
4 41 45 (-384 -1344 0 ) (-264 -1344 0 ) (-264 -1344 128 ) (-384 -1344 128 ) 
4 41 47 (-512 -1344 0 ) (-392 -1344 0 ) (-392 -1344 128 ) (-512 -1344 128 ) 
4 41 44 (-264 -1344 0 ) (-256 -1344 0 ) (-256 -1344 128 ) (-264 -1344 128 ) 
4 41 43 (-256 -1344 0 ) (-136 -1344 0 ) (-136 -1344 128 ) (-256 -1344 128 ) 
4 41 42 (-128 -1344 0 ) (-8 -1344 0 ) (-8 -1344 128 ) (-128 -1344 128 ) 
4 42 50 (-128 -1472 0 ) (-8 -1472 0 ) (-8 -1472 128 ) (-128 -1472 128 ) 
4 43 50 (-256 -1472 0 ) (-136 -1472 0 ) (-136 -1472 128 ) (-256 -1472 128 ) 
4 43 44 (-256 -1344 128 ) (-256 -1344 0 ) (-256 -1472 0 ) (-256 -1472 128 ) 
4 44 50 (-264 -1472 0 ) (-256 -1472 0 ) (-256 -1472 128 ) (-264 -1472 128 ) 
4 44 45 (-264 -1344 128 ) (-264 -1344 0 ) (-264 -1472 0 ) (-264 -1472 128 ) 
4 45 50 (-384 -1472 0 ) (-264 -1472 0 ) (-264 -1472 128 ) (-384 -1472 128 ) 
4 45 46 (-384 -1344 128 ) (-384 -1344 0 ) (-384 -1472 0 ) (-384 -1472 128 ) 
4 46 50 (-392 -1472 0 ) (-384 -1472 0 ) (-384 -1472 128 ) (-392 -1472 128 ) 
4 46 47 (-392 -1344 128 ) (-392 -1344 0 ) (-392 -1472 0 ) (-392 -1472 128 ) 
4 47 50 (-512 -1472 0 ) (-392 -1472 0 ) (-392 -1472 128 ) (-512 -1472 128 ) 
4 47 48 (-512 -1344 128 ) (-512 -1344 0 ) (-512 -1472 0 ) (-512 -1472 128 ) 
4 48 50 (-520 -1472 0 ) (-512 -1472 0 ) (-512 -1472 128 ) (-520 -1472 128 ) 
4 48 49 (-520 -1344 128 ) (-520 -1344 0 ) (-520 -1472 0 ) (-520 -1472 128 ) 
4 49 50 (-608 -1472 0 ) (-520 -1472 0 ) (-520 -1472 128 ) (-608 -1472 128 ) 
4 50 55 (-520 -1536 0 ) (-512 -1536 0 ) (-512 -1536 128 ) (-520 -1536 128 ) 
4 50 54 (-512 -1536 0 ) (-392 -1536 0 ) (-392 -1536 128 ) (-512 -1536 128 ) 
4 50 56 (-608 -1536 0 ) (-520 -1536 0 ) (-520 -1536 128 ) (-608 -1536 128 ) 
4 50 53 (-384 -1536 0 ) (-264 -1536 0 ) (-264 -1536 128 ) (-384 -1536 128 ) 
4 50 51 (-128 -1536 0 ) (-8 -1536 0 ) (-8 -1536 128 ) (-128 -1536 128 ) 
4 50 52 (-256 -1536 0 ) (-136 -1536 0 ) (-136 -1536 128 ) (-256 -1536 128 ) 
4 51 57 (-128 -1664 0 ) (-8 -1664 0 ) (-8 -1664 128 ) (-128 -1664 128 ) 
4 52 57 (-256 -1664 0 ) (-136 -1664 0 ) (-136 -1664 128 ) (-256 -1664 128 ) 
4 53 57 (-384 -1664 0 ) (-264 -1664 0 ) (-264 -1664 128 ) (-384 -1664 128 ) 
4 54 57 (-512 -1664 0 ) (-392 -1664 0 ) (-392 -1664 128 ) (-512 -1664 128 ) 
4 54 55 (-512 -1536 128 ) (-512 -1536 0 ) (-512 -1664 0 ) (-512 -1664 128 ) 
4 55 57 (-520 -1664 0 ) (-512 -1664 0 ) (-512 -1664 128 ) (-520 -1664 128 ) 
4 55 56 (-520 -1536 128 ) (-520 -1536 0 ) (-520 -1664 0 ) (-520 -1664 128 ) 
4 56 57 (-608 -1664 0 ) (-520 -1664 0 ) (-520 -1664 128 ) (-608 -1664 128 ) 
4 57 62 (-520 -1728 0 ) (-512 -1728 0 ) (-512 -1728 128 ) (-520 -1728 128 ) 
4 57 61 (-512 -1728 0 ) (-392 -1728 0 ) (-392 -1728 128 ) (-512 -1728 128 ) 
4 57 63 (-608 -1728 0 ) (-520 -1728 0 ) (-520 -1728 128 ) (-608 -1728 128 ) 
4 57 60 (-384 -1728 0 ) (-264 -1728 0 ) (-264 -1728 128 ) (-384 -1728 128 ) 
4 57 58 (-128 -1728 0 ) (-8 -1728 0 ) (-8 -1728 128 ) (-128 -1728 128 ) 
4 57 59 (-256 -1728 0 ) (-136 -1728 0 ) (-136 -1728 128 ) (-256 -1728 128 ) 
4 58 64 (-128 -1856 0 ) (-8 -1856 0 ) (-8 -1856 128 ) (-128 -1856 128 ) 
4 59 64 (-256 -1856 0 ) (-136 -1856 0 ) (-136 -1856 128 ) (-256 -1856 128 ) 
4 60 64 (-384 -1856 0 ) (-264 -1856 0 ) (-264 -1856 128 ) (-384 -1856 128 ) 
4 61 64 (-512 -1856 0 ) (-392 -1856 0 ) (-392 -1856 128 ) (-512 -1856 128 ) 
4 61 62 (-512 -1728 128 ) (-512 -1728 0 ) (-512 -1856 0 ) (-512 -1856 128 ) 
4 62 64 (-520 -1856 0 ) (-512 -1856 0 ) (-512 -1856 128 ) (-520 -1856 128 ) 
4 62 63 (-520 -1728 128 ) (-520 -1728 0 ) (-520 -1856 0 ) (-520 -1856 128 ) 
4 63 64 (-608 -1856 0 ) (-520 -1856 0 ) (-520 -1856 128 ) (-608 -1856 128 ) 
4 64 68 (-512 -1920 0 ) (-392 -1920 0 ) (-392 -1920 128 ) (-512 -1920 128 ) 
4 64 69 (-608 -1920 0 ) (-520 -1920 0 ) (-520 -1920 128 ) (-608 -1920 128 ) 
4 64 67 (-384 -1920 0 ) (-264 -1920 0 ) (-264 -1920 128 ) (-384 -1920 128 ) 
4 64 65 (-128 -1920 0 ) (-8 -1920 0 ) (-8 -1920 128 ) (-128 -1920 128 ) 
4 64 66 (-256 -1920 0 ) (-136 -1920 0 ) (-136 -1920 128 ) (-256 -1920 128 ) 
4 65 70 (-128 -2048 0 ) (-8 -2048 0 ) (-8 -2048 128 ) (-128 -2048 128 ) 
4 66 70 (-256 -2048 0 ) (-136 -2048 0 ) (-136 -2048 128 ) (-256 -2048 128 ) 
4 67 70 (-384 -2048 0 ) (-264 -2048 0 ) (-264 -2048 128 ) (-384 -2048 128 ) 
4 68 70 (-512 -2048 0 ) (-392 -2048 0 ) (-392 -2048 128 ) (-512 -2048 128 ) 
4 69 70 (-608 -2048 0 ) (-520 -2048 0 ) (-520 -2048 128 ) (-608 -2048 128 ) 
4 70 74 (-512 -2112 0 ) (-392 -2112 0 ) (-392 -2112 128 ) (-512 -2112 128 ) 
4 70 75 (-608 -2112 0 ) (-520 -2112 0 ) (-520 -2112 128 ) (-608 -2112 128 ) 
4 70 73 (-384 -2112 0 ) (-264 -2112 0 ) (-264 -2112 128 ) (-384 -2112 128 ) 
4 70 71 (-128 -2112 0 ) (-8 -2112 0 ) (-8 -2112 128 ) (-128 -2112 128 ) 
4 70 72 (-256 -2112 0 ) (-136 -2112 0 ) (-136 -2112 128 ) (-256 -2112 128 ) 
4 71 76 (-128 -2240 0 ) (-8 -2240 0 ) (-8 -2240 128 ) (-128 -2240 128 ) 
4 72 76 (-256 -2240 0 ) (-136 -2240 0 ) (-136 -2240 128 ) (-256 -2240 128 ) 
4 73 76 (-384 -2240 0 ) (-264 -2240 0 ) (-264 -2240 128 ) (-384 -2240 128 ) 
4 74 76 (-512 -2240 0 ) (-392 -2240 0 ) (-392 -2240 128 ) (-512 -2240 128 ) 
4 75 76 (-608 -2240 0 ) (-520 -2240 0 ) (-520 -2240 128 ) (-608 -2240 128 ) 
4 77 82 (-608 -3648 0 ) (-520 -3648 0 ) (-520 -3648 128 ) (-608 -3648 128 ) 
4 77 81 (-512 -3648 0 ) (-392 -3648 0 ) (-392 -3648 128 ) (-512 -3648 128 ) 
4 77 80 (-384 -3648 0 ) (-264 -3648 0 ) (-264 -3648 128 ) (-384 -3648 128 ) 
4 77 78 (-128 -3648 0 ) (-8 -3648 0 ) (-8 -3648 128 ) (-128 -3648 128 ) 
4 77 79 (-256 -3648 0 ) (-136 -3648 0 ) (-136 -3648 128 ) (-256 -3648 128 ) 
4 78 83 (-128 -3776 0 ) (-8 -3776 0 ) (-8 -3776 128 ) (-128 -3776 128 ) 
4 79 83 (-256 -3776 0 ) (-136 -3776 0 ) (-136 -3776 128 ) (-256 -3776 128 ) 
4 80 83 (-384 -3776 0 ) (-264 -3776 0 ) (-264 -3776 128 ) (-384 -3776 128 ) 
4 81 83 (-512 -3776 0 ) (-392 -3776 0 ) (-392 -3776 128 ) (-512 -3776 128 ) 
4 82 83 (-608 -3776 0 ) (-520 -3776 0 ) (-520 -3776 128 ) (-608 -3776 128 ) 
4 83 88 (-512 -3840 0 ) (-392 -3840 0 ) (-392 -3840 128 ) (-512 -3840 128 ) 
4 83 89 (-608 -3840 0 ) (-520 -3840 0 ) (-520 -3840 128 ) (-608 -3840 128 ) 
4 83 87 (-384 -3840 0 ) (-264 -3840 0 ) (-264 -3840 128 ) (-384 -3840 128 ) 
4 83 85 (-128 -3840 0 ) (-8 -3840 0 ) (-8 -3840 128 ) (-128 -3840 128 ) 
4 83 86 (-256 -3840 0 ) (-136 -3840 0 ) (-136 -3840 128 ) (-256 -3840 128 ) 
4 83 84 (-8 -3840 0 ) (0 -3840 0 ) (0 -3840 128 ) (-8 -3840 128 ) 
4 84 90 (-8 -3968 0 ) (0 -3968 0 ) (0 -3968 128 ) (-8 -3968 128 ) 
4 84 85 (-8 -3840 128 ) (-8 -3840 0 ) (-8 -3968 0 ) (-8 -3968 128 ) 
4 85 90 (-128 -3968 0 ) (-8 -3968 0 ) (-8 -3968 128 ) (-128 -3968 128 ) 
4 86 90 (-256 -3968 0 ) (-136 -3968 0 ) (-136 -3968 128 ) (-256 -3968 128 ) 
4 87 90 (-384 -3968 0 ) (-264 -3968 0 ) (-264 -3968 128 ) (-384 -3968 128 ) 
4 88 90 (-512 -3968 0 ) (-392 -3968 0 ) (-392 -3968 128 ) (-512 -3968 128 ) 
4 89 90 (-608 -3968 0 ) (-520 -3968 0 ) (-520 -3968 128 ) (-608 -3968 128 ) 
4 90 96 (-520 -4032 0 ) (-512 -4032 0 ) (-512 -4032 128 ) (-520 -4032 128 ) 
4 90 95 (-512 -4032 0 ) (-392 -4032 0 ) (-392 -4032 128 ) (-512 -4032 128 ) 
4 90 97 (-608 -4032 0 ) (-520 -4032 0 ) (-520 -4032 128 ) (-608 -4032 128 ) 
4 90 94 (-384 -4032 0 ) (-264 -4032 0 ) (-264 -4032 128 ) (-384 -4032 128 ) 
4 90 92 (-128 -4032 0 ) (-8 -4032 0 ) (-8 -4032 128 ) (-128 -4032 128 ) 
4 90 93 (-256 -4032 0 ) (-136 -4032 0 ) (-136 -4032 128 ) (-256 -4032 128 ) 
4 90 91 (-8 -4032 0 ) (0 -4032 0 ) (0 -4032 128 ) (-8 -4032 128 ) 
4 91 119 (0 -4096 0 ) (0 -4096 128 ) (-8 -4096 128 ) (-8 -4096 0 ) 
4 91 92 (-8 -4032 128 ) (-8 -4032 0 ) (-8 -4096 0 ) (-8 -4096 128 ) 
4 92 120 (-8 -4096 128 ) (-128 -4096 128 ) (-128 -4096 0 ) (-8 -4096 0 ) 
4 93 121 (-136 -4096 128 ) (-256 -4096 128 ) (-256 -4096 0 ) (-136 -4096 0 ) 
4 94 122 (-264 -4096 128 ) (-384 -4096 128 ) (-384 -4096 0 ) (-264 -4096 0 ) 
4 95 123 (-392 -4096 128 ) (-512 -4096 128 ) (-512 -4096 0 ) (-392 -4096 0 ) 
4 95 96 (-512 -4032 128 ) (-512 -4032 0 ) (-512 -4096 0 ) (-512 -4096 128 ) 
4 96 124 (-512 -4096 128 ) (-520 -4096 128 ) (-520 -4096 0 ) (-512 -4096 0 ) 
4 96 97 (-520 -4032 128 ) (-520 -4032 0 ) (-520 -4096 0 ) (-520 -4096 128 ) 
4 97 125 (-520 -4096 128 ) (-608 -4096 128 ) (-608 -4096 0 ) (-520 -4096 0 ) 
4 98 117 (0 -4096 512 ) (0 -4096 128 ) (0 -4608 128 ) (0 -4608 512 ) 
4 98 114 (416 -4544 128 ) (416 -4608 128 ) (0 -4608 128 ) (0 -4544 128 ) 
4 98 113 (120 -4544 128 ) (0 -4544 128 ) (0 -4416 128 ) (120 -4416 128 ) 
4 98 111 (376 -4544 128 ) (256 -4544 128 ) (256 -4416 128 ) (376 -4416 128 ) 
4 98 112 (248 -4544 128 ) (128 -4544 128 ) (128 -4416 128 ) (248 -4416 128 ) 
4 98 110 (416 -4416 128 ) (416 -4544 128 ) (384 -4544 128 ) (384 -4416 128 ) 
4 98 108 (120 -4352 128 ) (0 -4352 128 ) (0 -4224 128 ) (120 -4224 128 ) 
4 98 106 (376 -4352 128 ) (256 -4352 128 ) (256 -4224 128 ) (376 -4224 128 ) 
4 98 107 (248 -4352 128 ) (128 -4352 128 ) (128 -4224 128 ) (248 -4224 128 ) 
4 98 105 (416 -4224 128 ) (416 -4352 128 ) (384 -4352 128 ) (384 -4224 128 ) 
4 98 104 (416 -4160 128 ) (416 -4224 128 ) (0 -4224 128 ) (0 -4160 128 ) 
4 98 109 (416 -4352 128 ) (416 -4416 128 ) (0 -4416 128 ) (0 -4352 128 ) 
4 98 102 (128 -4096 128 ) (248 -4096 128 ) (248 -4160 128 ) (128 -4160 128 ) 
4 98 103 (0 -4096 128 ) (120 -4096 128 ) (120 -4160 128 ) (0 -4160 128 ) 
4 98 101 (256 -4096 128 ) (376 -4096 128 ) (376 -4160 128 ) (256 -4160 128 ) 
4 98 100 (384 -4096 128 ) (416 -4096 128 ) (416 -4160 128 ) (384 -4160 128 ) 
4 99 118 (0 -5888 128 ) (0 -6912 128 ) (0 -6912 512 ) (0 -5888 512 ) 
4 99 115 (416 -5888 128 ) (416 -6912 128 ) (0 -6912 128 ) (0 -5888 128 ) 
4 100 104 (384 -4160 0 ) (416 -4160 0 ) (416 -4160 128 ) (384 -4160 128 ) 
4 101 104 (256 -4160 0 ) (376 -4160 0 ) (376 -4160 128 ) (256 -4160 128 ) 
4 102 104 (128 -4160 0 ) (248 -4160 0 ) (248 -4160 128 ) (128 -4160 128 ) 
4 103 119 (0 -4096 128 ) (0 -4096 0 ) (0 -4160 0 ) (0 -4160 128 ) 
4 103 104 (0 -4160 0 ) (120 -4160 0 ) (120 -4160 128 ) (0 -4160 128 ) 
4 104 126 (0 -4160 0 ) (0 -4224 0 ) (0 -4224 128 ) (0 -4160 128 ) 
4 104 108 (0 -4224 0 ) (120 -4224 0 ) (120 -4224 128 ) (0 -4224 128 ) 
4 104 106 (256 -4224 0 ) (376 -4224 0 ) (376 -4224 128 ) (256 -4224 128 ) 
4 104 107 (128 -4224 0 ) (248 -4224 0 ) (248 -4224 128 ) (128 -4224 128 ) 
4 104 105 (384 -4224 0 ) (416 -4224 0 ) (416 -4224 128 ) (384 -4224 128 ) 
4 105 109 (384 -4352 0 ) (416 -4352 0 ) (416 -4352 128 ) (384 -4352 128 ) 
4 106 109 (256 -4352 0 ) (376 -4352 0 ) (376 -4352 128 ) (256 -4352 128 ) 
4 107 109 (128 -4352 0 ) (248 -4352 0 ) (248 -4352 128 ) (128 -4352 128 ) 
4 108 127 (0 -4224 0 ) (0 -4352 0 ) (0 -4352 128 ) (0 -4224 128 ) 
4 108 109 (0 -4352 0 ) (120 -4352 0 ) (120 -4352 128 ) (0 -4352 128 ) 
4 109 133 (0 -4352 0 ) (0 -4416 0 ) (0 -4416 128 ) (0 -4352 128 ) 
4 109 113 (0 -4416 0 ) (120 -4416 0 ) (120 -4416 128 ) (0 -4416 128 ) 
4 109 111 (256 -4416 0 ) (376 -4416 0 ) (376 -4416 128 ) (256 -4416 128 ) 
4 109 112 (128 -4416 0 ) (248 -4416 0 ) (248 -4416 128 ) (128 -4416 128 ) 
4 109 110 (384 -4416 0 ) (416 -4416 0 ) (416 -4416 128 ) (384 -4416 128 ) 
4 110 114 (384 -4544 0 ) (416 -4544 0 ) (416 -4544 128 ) (384 -4544 128 ) 
4 111 114 (256 -4544 0 ) (376 -4544 0 ) (376 -4544 128 ) (256 -4544 128 ) 
4 112 114 (128 -4544 0 ) (248 -4544 0 ) (248 -4544 128 ) (128 -4544 128 ) 
4 113 134 (0 -4416 0 ) (0 -4544 0 ) (0 -4544 128 ) (0 -4416 128 ) 
4 113 114 (0 -4544 0 ) (120 -4544 0 ) (120 -4544 128 ) (0 -4544 128 ) 
4 114 140 (0 -4544 0 ) (0 -4608 0 ) (0 -4608 128 ) (0 -4544 128 ) 
4 115 141 (0 -5888 0 ) (0 -6912 0 ) (0 -6912 128 ) (0 -5888 128 ) 
4 116 142 (0 -9216 0 ) (0 -9216 512 ) (0 -8192 512 ) (0 -8192 0 ) 
4 117 140 (0 -4544 128 ) (0 -4608 128 ) (-608 -4608 128 ) (-608 -4544 128 ) 
4 117 138 (-392 -4544 128 ) (-512 -4544 128 ) (-512 -4416 128 ) (-392 -4416 128 ) 
4 117 139 (-520 -4544 128 ) (-608 -4544 128 ) (-608 -4416 128 ) (-520 -4416 128 ) 
4 117 137 (-264 -4544 128 ) (-384 -4544 128 ) (-384 -4416 128 ) (-264 -4416 128 ) 
4 117 135 (-8 -4544 128 ) (-128 -4544 128 ) (-128 -4416 128 ) (-8 -4416 128 ) 
4 117 136 (-136 -4544 128 ) (-256 -4544 128 ) (-256 -4416 128 ) (-136 -4416 128 ) 
4 117 134 (0 -4416 128 ) (0 -4544 128 ) (-8 -4544 128 ) (-8 -4416 128 ) 
4 117 133 (0 -4352 128 ) (0 -4416 128 ) (-608 -4416 128 ) (-608 -4352 128 ) 
4 117 132 (-520 -4352 128 ) (-608 -4352 128 ) (-608 -4224 128 ) (-520 -4224 128 ) 
4 117 131 (-392 -4352 128 ) (-512 -4352 128 ) (-512 -4224 128 ) (-392 -4224 128 ) 
4 117 130 (-264 -4352 128 ) (-384 -4352 128 ) (-384 -4224 128 ) (-264 -4224 128 ) 
4 117 128 (-8 -4352 128 ) (-128 -4352 128 ) (-128 -4224 128 ) (-8 -4224 128 ) 
4 117 129 (-136 -4352 128 ) (-256 -4352 128 ) (-256 -4224 128 ) (-136 -4224 128 ) 
4 117 127 (0 -4224 128 ) (0 -4352 128 ) (-8 -4352 128 ) (-8 -4224 128 ) 
4 117 126 (0 -4160 128 ) (0 -4224 128 ) (-608 -4224 128 ) (-608 -4160 128 ) 
4 117 124 (-520 -4096 128 ) (-512 -4096 128 ) (-512 -4160 128 ) (-520 -4160 128 ) 
4 117 123 (-512 -4096 128 ) (-392 -4096 128 ) (-392 -4160 128 ) (-512 -4160 128 ) 
4 117 125 (-608 -4096 128 ) (-520 -4096 128 ) (-520 -4160 128 ) (-608 -4160 128 ) 
4 117 122 (-384 -4096 128 ) (-264 -4096 128 ) (-264 -4160 128 ) (-384 -4160 128 ) 
4 117 120 (-128 -4096 128 ) (-8 -4096 128 ) (-8 -4160 128 ) (-128 -4160 128 ) 
4 117 121 (-256 -4096 128 ) (-136 -4096 128 ) (-136 -4160 128 ) (-256 -4160 128 ) 
4 117 119 (-8 -4096 128 ) (0 -4096 128 ) (0 -4160 128 ) (-8 -4160 128 ) 
4 118 141 (0 -5888 128 ) (0 -6912 128 ) (-608 -6912 128 ) (-608 -5888 128 ) 
4 119 126 (-8 -4160 0 ) (0 -4160 0 ) (0 -4160 128 ) (-8 -4160 128 ) 
4 119 120 (-8 -4096 0 ) (-8 -4160 0 ) (-8 -4160 128 ) (-8 -4096 128 ) 
4 120 126 (-128 -4160 0 ) (-8 -4160 0 ) (-8 -4160 128 ) (-128 -4160 128 ) 
4 121 126 (-256 -4160 0 ) (-136 -4160 0 ) (-136 -4160 128 ) (-256 -4160 128 ) 
4 122 126 (-384 -4160 0 ) (-264 -4160 0 ) (-264 -4160 128 ) (-384 -4160 128 ) 
4 123 126 (-512 -4160 0 ) (-392 -4160 0 ) (-392 -4160 128 ) (-512 -4160 128 ) 
4 123 124 (-512 -4096 0 ) (-512 -4160 0 ) (-512 -4160 128 ) (-512 -4096 128 ) 
4 124 126 (-520 -4160 0 ) (-512 -4160 0 ) (-512 -4160 128 ) (-520 -4160 128 ) 
4 124 125 (-520 -4096 0 ) (-520 -4160 0 ) (-520 -4160 128 ) (-520 -4096 128 ) 
4 125 126 (-608 -4160 0 ) (-520 -4160 0 ) (-520 -4160 128 ) (-608 -4160 128 ) 
4 126 132 (-608 -4224 0 ) (-520 -4224 0 ) (-520 -4224 128 ) (-608 -4224 128 ) 
4 126 131 (-512 -4224 0 ) (-392 -4224 0 ) (-392 -4224 128 ) (-512 -4224 128 ) 
4 126 130 (-384 -4224 0 ) (-264 -4224 0 ) (-264 -4224 128 ) (-384 -4224 128 ) 
4 126 128 (-128 -4224 0 ) (-8 -4224 0 ) (-8 -4224 128 ) (-128 -4224 128 ) 
4 126 129 (-256 -4224 0 ) (-136 -4224 0 ) (-136 -4224 128 ) (-256 -4224 128 ) 
4 126 127 (-8 -4224 0 ) (0 -4224 0 ) (0 -4224 128 ) (-8 -4224 128 ) 
4 127 133 (-8 -4352 0 ) (0 -4352 0 ) (0 -4352 128 ) (-8 -4352 128 ) 
4 127 128 (-8 -4224 128 ) (-8 -4224 0 ) (-8 -4352 0 ) (-8 -4352 128 ) 
4 128 133 (-128 -4352 0 ) (-8 -4352 0 ) (-8 -4352 128 ) (-128 -4352 128 ) 
4 129 133 (-256 -4352 0 ) (-136 -4352 0 ) (-136 -4352 128 ) (-256 -4352 128 ) 
4 130 133 (-384 -4352 0 ) (-264 -4352 0 ) (-264 -4352 128 ) (-384 -4352 128 ) 
4 131 133 (-512 -4352 0 ) (-392 -4352 0 ) (-392 -4352 128 ) (-512 -4352 128 ) 
4 132 133 (-608 -4352 0 ) (-520 -4352 0 ) (-520 -4352 128 ) (-608 -4352 128 ) 
4 133 138 (-512 -4416 0 ) (-392 -4416 0 ) (-392 -4416 128 ) (-512 -4416 128 ) 
4 133 139 (-608 -4416 128 ) (-608 -4416 0 ) (-520 -4416 0 ) (-520 -4416 128 ) 
4 133 137 (-384 -4416 0 ) (-264 -4416 0 ) (-264 -4416 128 ) (-384 -4416 128 ) 
4 133 135 (-128 -4416 0 ) (-8 -4416 0 ) (-8 -4416 128 ) (-128 -4416 128 ) 
4 133 136 (-256 -4416 0 ) (-136 -4416 0 ) (-136 -4416 128 ) (-256 -4416 128 ) 
4 133 134 (-8 -4416 0 ) (0 -4416 0 ) (0 -4416 128 ) (-8 -4416 128 ) 
4 134 140 (-8 -4544 0 ) (0 -4544 0 ) (0 -4544 128 ) (-8 -4544 128 ) 
4 134 135 (-8 -4416 128 ) (-8 -4416 0 ) (-8 -4544 0 ) (-8 -4544 128 ) 
4 135 140 (-128 -4544 0 ) (-8 -4544 0 ) (-8 -4544 128 ) (-128 -4544 128 ) 
4 136 140 (-256 -4544 0 ) (-136 -4544 0 ) (-136 -4544 128 ) (-256 -4544 128 ) 
4 137 140 (-384 -4544 0 ) (-264 -4544 0 ) (-264 -4544 128 ) (-384 -4544 128 ) 
4 138 140 (-512 -4544 0 ) (-392 -4544 0 ) (-392 -4544 128 ) (-512 -4544 128 ) 
4 139 140 (-608 -4544 128 ) (-608 -4544 0 ) (-520 -4544 0 ) (-520 -4544 128 ) 
